Changed: tracing-opentelemetry/src/layer.rs:396: replace OpenTelemetryLayer<S, T>::get_context with ()

   Compiling tracing-opentelemetry v0.17.2 (/home/simon/Dokumente/Semester10/GuidedResearch/evaluation/projects/mutants/tracing/tracing-opentelemetry)
     ERROR: Crate reload will not be traced.
     ERROR: Crate reload will not be traced.
   Compiling tracing-examples v0.0.0 (/home/simon/Dokumente/Semester10/GuidedResearch/evaluation/projects/mutants/tracing/examples)
     DEBUG: Changed due to regular checksums: tracing_opentelemetry::OpenTelemetryLayer::<S, T>::get_context
     DEBUG: Changed due to vtable checksums: tracing_opentelemetry::<NoopTracer as PreSampledTracer>::sampled_context
     DEBUG: Changed due to vtable checksums: tracing_opentelemetry::<NoopTracer as PreSampledTracer>::new_trace_id
     DEBUG: Changed due to vtable checksums: tracing_opentelemetry::<TestTracer as PreSampledTracer>::new_span_id
     DEBUG: Changed due to vtable checksums: tracing_opentelemetry::<NoopTracer as PreSampledTracer>::new_span_id
     DEBUG: Changed due to vtable checksums: tracing_opentelemetry::<TestTracer as PreSampledTracer>::sampled_context
     DEBUG: Changed due to vtable checksums: tracing_opentelemetry::<TestTracer as PreSampledTracer>::new_trace_id
     DEBUG: Changed due to const checksums: tracing_opentelemetry::OpenTelemetryLayer::<S, T>::get_context
     DEBUG: Changed due to regular checksums: tracing_opentelemetry::OpenTelemetryLayer::<S, T>::get_context
     DEBUG: Changed due to vtable checksums: tracing_opentelemetry::<NoopTracer as PreSampledTracer>::sampled_context
     DEBUG: Changed due to vtable checksums: tracing_opentelemetry::<Tracer as PreSampledTracer>::new_trace_id
     DEBUG: Changed due to vtable checksums: tracing_opentelemetry::<NoopTracer as PreSampledTracer>::new_trace_id
     DEBUG: Changed due to vtable checksums: tracing_opentelemetry::<Tracer as PreSampledTracer>::sampled_context
     DEBUG: Changed due to vtable checksums: tracing_opentelemetry::<NoopTracer as PreSampledTracer>::new_span_id
     DEBUG: Changed due to vtable checksums: tracing_opentelemetry::<Tracer as PreSampledTracer>::new_span_id
     DEBUG: Changed due to const checksums: tracing_opentelemetry::OpenTelemetryLayer::<S, T>::get_context
    Finished test [unoptimized + debuginfo] target(s) in 14.67s
  Executable unittests src/lib.rs (target_dynamic/debug/deps/tracing-a2b896468e212730)
  Executable tests/enabled.rs (target_dynamic/debug/deps/enabled-cdfa55de897bca05)
  Executable tests/event.rs (target_dynamic/debug/deps/event-bfc11b75fdfbe51f)
  Executable tests/filter_caching_is_lexically_scoped.rs (target_dynamic/debug/deps/filter_caching_is_lexically_scoped-bf9fdb0c4fec083f)
  Executable tests/filters_are_not_reevaluated_for_the_same_span.rs (target_dynamic/debug/deps/filters_are_not_reevaluated_for_the_same_span-75d98f0260d20284)
  Executable tests/filters_are_reevaluated_for_different_call_sites.rs (target_dynamic/debug/deps/filters_are_reevaluated_for_different_call_sites-a986006cbcf50485)
  Executable tests/filters_dont_leak.rs (target_dynamic/debug/deps/filters_dont_leak-06fea7dd68cd650d)
  Executable tests/future_send.rs (target_dynamic/debug/deps/future_send-d96295d302d740ae)
  Executable tests/macro_imports.rs (target_dynamic/debug/deps/macro_imports-2131b3fafab4f2e6)
  Executable tests/macros.rs (target_dynamic/debug/deps/macros-1e736f7983df0d02)
  Executable tests/macros_incompatible_concat.rs (target_dynamic/debug/deps/macros_incompatible_concat-07ae05620fd668c9)
  Executable tests/macros_redefined_core.rs (target_dynamic/debug/deps/macros_redefined_core-29e4c7052371d00b)
  Executable tests/max_level_hint.rs (target_dynamic/debug/deps/max_level_hint-eabbdf020dd1ad6f)
  Executable tests/multiple_max_level_hints.rs (target_dynamic/debug/deps/multiple_max_level_hints-7bbb10cb4418a183)
  Executable tests/no_subscriber.rs (target_dynamic/debug/deps/no_subscriber-5e4669a79ec19c44)
  Executable tests/scoped_clobbers_default.rs (target_dynamic/debug/deps/scoped_clobbers_default-3fe4c8bd2ffbb4e8)
  Executable tests/span.rs (target_dynamic/debug/deps/span-06fca54adfcf8ead)
  Executable tests/subscriber.rs (target_dynamic/debug/deps/subscriber-8b3ea00fded5a28a)
  Executable unittests src/lib.rs (target_dynamic/debug/deps/tracing_appender-137b080c0e982ada)
  Executable unittests src/lib.rs (target_dynamic/debug/deps/tracing_attributes-4b17c809ea0c2587)
  Executable tests/async_fn.rs (target_dynamic/debug/deps/async_fn-a2e990c1f635d500)
  Executable tests/destructuring.rs (target_dynamic/debug/deps/destructuring-aaa5219b1d06becf)
  Executable tests/err.rs (target_dynamic/debug/deps/err-67d7a6f983dc8cff)
  Executable tests/fields.rs (target_dynamic/debug/deps/fields-e4db796639128872)
  Executable tests/instrument.rs (target_dynamic/debug/deps/instrument-f6e87d6d4f8f5eab)
  Executable tests/levels.rs (target_dynamic/debug/deps/levels-4e6daa700aae4040)
  Executable tests/names.rs (target_dynamic/debug/deps/names-d49f9bae14798cb8)
  Executable tests/ret.rs (target_dynamic/debug/deps/ret-4aa68867eb9a3fca)
  Executable tests/targets.rs (target_dynamic/debug/deps/targets-25f11de0968041f8)
  Executable unittests src/lib.rs (target_dynamic/debug/deps/tracing_core-cc542933c5d41b65)
  Executable tests/dispatch.rs (target_dynamic/debug/deps/dispatch-64af47a382bae56e)
  Executable tests/global_dispatch.rs (target_dynamic/debug/deps/global_dispatch-ce423508ae6a51ab)
  Executable tests/macros.rs (target_dynamic/debug/deps/macros-502c60301e6b6ad3)
  Executable unittests src/lib.rs (target_dynamic/debug/deps/tracing_error-450d7c83f59a39b5)
  Executable unittests examples/all-levels.rs (target_dynamic/debug/examples/all_levels-cec77148660dbe0c)
  Executable unittests examples/appender-multifile.rs (target_dynamic/debug/examples/appender_multifile-923c049055769d13)
  Executable unittests examples/async-fn.rs (target_dynamic/debug/examples/async_fn-8a2073d2d2e1c79d)
  Executable unittests examples/attrs-args.rs (target_dynamic/debug/examples/attrs_args-2a4d16526ad738d2)
  Executable unittests examples/attrs-basic.rs (target_dynamic/debug/examples/attrs_basic-c76d5ecc680863ee)
  Executable unittests examples/attrs-literal-field-names.rs (target_dynamic/debug/examples/attrs_literal_field_names-e1b78e03e603f40a)
  Executable unittests examples/counters.rs (target_dynamic/debug/examples/counters-29309b1459d46767)
  Executable unittests examples/custom-error.rs (target_dynamic/debug/examples/custom_error-c6cdac8c9c28274c)
  Executable unittests examples/echo.rs (target_dynamic/debug/examples/echo-94088e234d66df48)
  Executable unittests examples/fmt.rs (target_dynamic/debug/examples/fmt-bffe505a288dd178)
  Executable unittests examples/fmt-compact.rs (target_dynamic/debug/examples/fmt_compact-afd801933a2dd21a)
  Executable unittests examples/fmt-custom-event.rs (target_dynamic/debug/examples/fmt_custom_event-a90d93a0353cbd5e)
  Executable unittests examples/fmt-custom-field.rs (target_dynamic/debug/examples/fmt_custom_field-c7fce4bd03a49543)
  Executable unittests examples/fmt-json.rs (target_dynamic/debug/examples/fmt_json-e15b71bf234aefae)
  Executable unittests examples/fmt-multiple-writers.rs (target_dynamic/debug/examples/fmt_multiple_writers-39f3eb702904c015)
  Executable unittests examples/fmt-pretty.rs (target_dynamic/debug/examples/fmt_pretty-a1766876fdf81478)
  Executable unittests examples/fmt-source-locations.rs (target_dynamic/debug/examples/fmt_source_locations-8759f48f636107b6)
  Executable unittests examples/fmt-stderr.rs (target_dynamic/debug/examples/fmt_stderr-c492253e65fb95c4)
  Executable unittests examples/futures-proxy-server.rs (target_dynamic/debug/examples/futures_proxy_server-6a412e59c8e7e7a3)
  Executable unittests examples/hyper-echo.rs (target_dynamic/debug/examples/hyper_echo-aca2f228408ce58b)
  Executable unittests examples/inferno-flame.rs (target_dynamic/debug/examples/inferno_flame-ea0f683f85659e8e)
  Executable unittests examples/instrumented-error.rs (target_dynamic/debug/examples/instrumented_error-d5d5b58c80f52b76)
  Executable unittests examples/journald.rs (target_dynamic/debug/examples/journald-c8a339303bd7ddac)
  Executable unittests examples/log.rs (target_dynamic/debug/examples/log-dbfb4c43824a5460)
  Executable unittests examples/opentelemetry.rs (target_dynamic/debug/examples/opentelemetry-5b181a68c3cb3de7)
  Executable unittests examples/opentelemetry-remote-context.rs (target_dynamic/debug/examples/opentelemetry_remote_context-f106dc2da1d19b13)
  Executable unittests examples/panic_hook.rs (target_dynamic/debug/examples/panic_hook-7f73522363ed5b4e)
  Executable unittests examples/serde-yak-shave.rs (target_dynamic/debug/examples/serde_yak_shave-731689233babd0ed)
  Executable unittests examples/sloggish/main.rs (target_dynamic/debug/examples/sloggish-d818fab87b9844e3)
  Executable unittests examples/spawny-thing.rs (target_dynamic/debug/examples/spawny_thing-4ed43ef01f6cc27e)
  Executable unittests examples/subscriber-filter.rs (target_dynamic/debug/examples/subscriber_filter-b281924e8c189fa9)
  Executable unittests examples/thread-info.rs (target_dynamic/debug/examples/thread_info-c8455d424ea14529)
  Executable unittests examples/toggle-layers.rs (target_dynamic/debug/examples/toggle_layers-ecba1ba38252a95a)
  Executable unittests examples/tokio-spawny-thing.rs (target_dynamic/debug/examples/tokio_spawny_thing-cfd508c4341452b6)
  Executable unittests examples/tokio_panic_hook.rs (target_dynamic/debug/examples/tokio_panic_hook-8e1d7188e5e518cd)
  Executable unittests examples/tower-client.rs (target_dynamic/debug/examples/tower_client-5ab6693998254316)
  Executable unittests examples/tower-load.rs (target_dynamic/debug/examples/tower_load-c1d7c89cd7ec138e)
  Executable unittests examples/tower-server.rs (target_dynamic/debug/examples/tower_server-7b01511e7ac46b67)
  Executable unittests examples/valuable.rs (target_dynamic/debug/examples/valuable-71c24836d658082c)
  Executable unittests examples/valuable_instrument.rs (target_dynamic/debug/examples/valuable_instrument-d5852ac191b711a9)
  Executable unittests examples/valuable_json.rs (target_dynamic/debug/examples/valuable_json-1447c16e29f3069f)
  Executable unittests src/lib.rs (target_dynamic/debug/deps/tracing_flame-dd45076dc181d7c6)
  Executable tests/collapsed.rs (target_dynamic/debug/deps/collapsed-8c8cd399e22c0611)
  Executable tests/concurrent.rs (target_dynamic/debug/deps/concurrent-7c17abdb26281db6)
  Executable unittests src/lib.rs (target_dynamic/debug/deps/tracing_futures-a056dac71179e84c)
  Executable tests/std_future.rs (target_dynamic/debug/deps/std_future-205f0a32e895801d)
  Executable unittests src/lib.rs (target_dynamic/debug/deps/tracing_journald-e24a536200b71244)
  Executable tests/journal.rs (target_dynamic/debug/deps/journal-73229b787353ebee)
  Executable unittests src/lib.rs (target_dynamic/debug/deps/tracing_log-3dc15a083b6b3e04)
  Executable tests/log_tracer.rs (target_dynamic/debug/deps/log_tracer-f8573e6335ebd9c7)
  Executable tests/reexport_log_crate.rs (target_dynamic/debug/deps/reexport_log_crate-05d5baf75aa63d58)
  Executable unittests src/lib.rs (target_dynamic/debug/deps/tracing_macros-5abf588f95433607)
  Executable unittests examples/factorial.rs (target_dynamic/debug/examples/factorial-8efcf00667b12111)
  Executable unittests src/lib.rs (target_dynamic/debug/deps/tracing_mock-2080b6966ddd4e97)
  Executable unittests src/lib.rs (target_dynamic/debug/deps/tracing_opentelemetry-d7b7a20490362c19)
  Executable tests/trace_state_propagation.rs (target_dynamic/debug/deps/trace_state_propagation-20f0e956a4e4e854)
  Executable unittests src/lib.rs (target_dynamic/debug/deps/tracing_serde-74baba14583033a0)
  Executable unittests src/lib.rs (target_dynamic/debug/deps/tracing_subscriber-f60a2b25345f314b)
  Executable tests/cached_layer_filters_dont_break_other_layers.rs (target_dynamic/debug/deps/cached_layer_filters_dont_break_other_layers-05a29d98367cb1a8)
  Executable tests/duplicate_spans.rs (target_dynamic/debug/deps/duplicate_spans-46536c6256e3e568)
  Executable tests/env_filter/main.rs (target_dynamic/debug/deps/env_filter-2551d9f21caeb297)
  Executable tests/field_filter.rs (target_dynamic/debug/deps/field_filter-f04b1015d795077f)
  Executable tests/filter_log.rs (target_dynamic/debug/deps/filter_log-15c4107ed9e0f093)
  Executable tests/fmt_max_level_hint.rs (target_dynamic/debug/deps/fmt_max_level_hint-2f6b0f52ab78a346)
  Executable tests/hinted_layer_filters_dont_break_other_layers.rs (target_dynamic/debug/deps/hinted_layer_filters_dont_break_other_layers-eb80d954dc306291)
  Executable tests/layer_filter_interests_are_cached.rs (target_dynamic/debug/deps/layer_filter_interests_are_cached-51aa574bb23c46ba)
  Executable tests/layer_filters/main.rs (target_dynamic/debug/deps/layer_filters-0af32a0cc75a9826)
  Executable tests/multiple_layer_filter_interests_cached.rs (target_dynamic/debug/deps/multiple_layer_filter_interests_cached-01a4aa41e0a02c73)
  Executable tests/registry_max_level_hint.rs (target_dynamic/debug/deps/registry_max_level_hint-785070256e4c9933)
  Executable tests/registry_with_subscriber.rs (target_dynamic/debug/deps/registry_with_subscriber-9be20470a6ac5233)
  Executable tests/reload.rs (target_dynamic/debug/deps/reload-90d971a76abe245a)
  Executable tests/same_len_filters.rs (target_dynamic/debug/deps/same_len_filters-52bd494e12460309)
  Executable tests/support.rs (target_dynamic/debug/deps/support-24374445a412b65a)
  Executable tests/unhinted_layer_filters_dont_break_other_layers.rs (target_dynamic/debug/deps/unhinted_layer_filters_dont_break_other_layers-2a475e8b04c113f6)
  Executable tests/utils.rs (target_dynamic/debug/deps/utils-2e171944f8978f6e)
  Executable tests/vec_subscriber_filter_interests_cached.rs (target_dynamic/debug/deps/vec_subscriber_filter_interests_cached-ef00157f23b39d36)
  Executable unittests src/lib.rs (target_dynamic/debug/deps/tracing_tower-a66c45c989e1382d)
Nodes that have changed:
tracing_opentelemetry::<NoopTracer as PreSampledTracer>::new_span_id, tracing_opentelemetry::<NoopTracer as PreSampledTracer>::new_trace_id, tracing_opentelemetry::<NoopTracer as PreSampledTracer>::sampled_context, tracing_opentelemetry::<TestTracer as PreSampledTracer>::new_span_id, tracing_opentelemetry::<TestTracer as PreSampledTracer>::new_trace_id, tracing_opentelemetry::<TestTracer as PreSampledTracer>::sampled_context, tracing_opentelemetry::<Tracer as PreSampledTracer>::new_span_id, tracing_opentelemetry::<Tracer as PreSampledTracer>::new_trace_id, tracing_opentelemetry::<Tracer as PreSampledTracer>::sampled_context, tracing_opentelemetry::OpenTelemetryLayer::<S, T>::get_context

#Tests that have been found: 451

#Tests with traces:: 447

Affected tests:
field_filter::field_filter_events: no traces
field_filter::field_filter_spans: no traces
trace_state_propagation::inject_context_into_outgoing_requests: < "tracing_opentelemetry::<Tracer as PreSampledTracer>::new_span_id, tracing_opentelemetry::OpenTelemetryLayer::<S, T>::get_context, tracing_opentelemetry::<Tracer as PreSampledTracer>::sampled_context, tracing_opentelemetry::<Tracer as PreSampledTracer>::new_trace_id" >
trace_state_propagation::trace_root_with_children: < "tracing_opentelemetry::<Tracer as PreSampledTracer>::new_span_id, tracing_opentelemetry::<Tracer as PreSampledTracer>::sampled_context, tracing_opentelemetry::<Tracer as PreSampledTracer>::new_trace_id" >
trace_state_propagation::trace_with_active_otel_context: < "tracing_opentelemetry::<Tracer as PreSampledTracer>::new_span_id" >
trace_state_propagation::trace_with_assigned_otel_context: < "tracing_opentelemetry::OpenTelemetryLayer::<S, T>::get_context, tracing_opentelemetry::<Tracer as PreSampledTracer>::new_span_id, tracing_opentelemetry::<Tracer as PreSampledTracer>::new_trace_id" >
tracing_appender::non_blocking::test::logs_dropped_if_lossy: no traces
tracing_opentelemetry::layer::tests::dynamic_span_names: < "tracing_opentelemetry::<TestTracer as PreSampledTracer>::new_trace_id, tracing_opentelemetry::<TestTracer as PreSampledTracer>::new_span_id" >
tracing_opentelemetry::layer::tests::includes_timings: < "tracing_opentelemetry::<TestTracer as PreSampledTracer>::new_span_id, tracing_opentelemetry::<TestTracer as PreSampledTracer>::new_trace_id" >
tracing_opentelemetry::layer::tests::span_kind: < "tracing_opentelemetry::<TestTracer as PreSampledTracer>::new_trace_id, tracing_opentelemetry::<TestTracer as PreSampledTracer>::new_span_id" >
tracing_opentelemetry::layer::tests::span_status_code: < "tracing_opentelemetry::<TestTracer as PreSampledTracer>::new_trace_id, tracing_opentelemetry::<TestTracer as PreSampledTracer>::new_span_id" >
tracing_opentelemetry::layer::tests::span_status_message: < "tracing_opentelemetry::<TestTracer as PreSampledTracer>::new_trace_id, tracing_opentelemetry::<TestTracer as PreSampledTracer>::new_span_id" >
tracing_opentelemetry::layer::tests::trace_id_from_existing_context: < "tracing_opentelemetry::<TestTracer as PreSampledTracer>::new_span_id" >
tracing_opentelemetry::tracer::tests::assigns_default_trace_id_if_missing: < "tracing_opentelemetry::<Tracer as PreSampledTracer>::sampled_context" >
tracing_opentelemetry::tracer::tests::sampled_context: < "tracing_opentelemetry::<Tracer as PreSampledTracer>::sampled_context" >
tracing_subscriber::filter::env::directive::test::directive_ordering_by_field_num: no traces

     DEBUG: Changed due to regular checksums: tracing_opentelemetry::OpenTelemetryLayer::<S, T>::get_context
     DEBUG: Changed due to vtable checksums: tracing_opentelemetry::<NoopTracer as PreSampledTracer>::sampled_context
     DEBUG: Changed due to vtable checksums: tracing_opentelemetry::<Tracer as PreSampledTracer>::new_trace_id
     DEBUG: Changed due to vtable checksums: tracing_opentelemetry::<NoopTracer as PreSampledTracer>::new_trace_id
     DEBUG: Changed due to vtable checksums: tracing_opentelemetry::<Tracer as PreSampledTracer>::sampled_context
     DEBUG: Changed due to vtable checksums: tracing_opentelemetry::<NoopTracer as PreSampledTracer>::new_span_id
     DEBUG: Changed due to vtable checksums: tracing_opentelemetry::<Tracer as PreSampledTracer>::new_span_id
     DEBUG: Changed due to const checksums: tracing_opentelemetry::OpenTelemetryLayer::<S, T>::get_context
     DEBUG: Changed due to regular checksums: tracing_opentelemetry::OpenTelemetryLayer::<S, T>::get_context
     DEBUG: Changed due to vtable checksums: tracing_opentelemetry::<NoopTracer as PreSampledTracer>::sampled_context
     DEBUG: Changed due to vtable checksums: tracing_opentelemetry::<NoopTracer as PreSampledTracer>::new_trace_id
     DEBUG: Changed due to vtable checksums: tracing_opentelemetry::<TestTracer as PreSampledTracer>::new_span_id
     DEBUG: Changed due to vtable checksums: tracing_opentelemetry::<NoopTracer as PreSampledTracer>::new_span_id
     DEBUG: Changed due to vtable checksums: tracing_opentelemetry::<TestTracer as PreSampledTracer>::sampled_context
     DEBUG: Changed due to vtable checksums: tracing_opentelemetry::<TestTracer as PreSampledTracer>::new_trace_id
     DEBUG: Changed due to const checksums: tracing_opentelemetry::OpenTelemetryLayer::<S, T>::get_context
     ERROR: Crate reload will not be traced.
     ERROR: Crate reload will not be traced.
    Finished test [unoptimized + debuginfo] target(s) in 0.33s
     Running unittests src/lib.rs (target_dynamic/debug/deps/tracing-a2b896468e212730)

running 0 tests

test result: ok. 0 passed; 0 failed; 0 ignored; 0 measured; 0 filtered out; finished in 0.00s

     Running tests/enabled.rs (target_dynamic/debug/deps/enabled-cdfa55de897bca05)

running 0 tests

test result: ok. 0 passed; 0 failed; 0 ignored; 0 measured; 2 filtered out; finished in 0.00s

     Running tests/event.rs (target_dynamic/debug/deps/event-bfc11b75fdfbe51f)

running 0 tests

test result: ok. 0 passed; 0 failed; 0 ignored; 0 measured; 19 filtered out; finished in 0.00s

     Running tests/filter_caching_is_lexically_scoped.rs (target_dynamic/debug/deps/filter_caching_is_lexically_scoped-bf9fdb0c4fec083f)

running 0 tests

test result: ok. 0 passed; 0 failed; 0 ignored; 0 measured; 1 filtered out; finished in 0.00s

     Running tests/filters_are_not_reevaluated_for_the_same_span.rs (target_dynamic/debug/deps/filters_are_not_reevaluated_for_the_same_span-75d98f0260d20284)

running 0 tests

test result: ok. 0 passed; 0 failed; 0 ignored; 0 measured; 1 filtered out; finished in 0.00s

     Running tests/filters_are_reevaluated_for_different_call_sites.rs (target_dynamic/debug/deps/filters_are_reevaluated_for_different_call_sites-a986006cbcf50485)

running 0 tests

test result: ok. 0 passed; 0 failed; 0 ignored; 0 measured; 1 filtered out; finished in 0.00s

     Running tests/filters_dont_leak.rs (target_dynamic/debug/deps/filters_dont_leak-06fea7dd68cd650d)

running 0 tests

test result: ok. 0 passed; 0 failed; 0 ignored; 0 measured; 2 filtered out; finished in 0.00s

     Running tests/future_send.rs (target_dynamic/debug/deps/future_send-d96295d302d740ae)

running 0 tests

test result: ok. 0 passed; 0 failed; 0 ignored; 0 measured; 2 filtered out; finished in 0.00s

     Running tests/macro_imports.rs (target_dynamic/debug/deps/macro_imports-2131b3fafab4f2e6)

running 0 tests

test result: ok. 0 passed; 0 failed; 0 ignored; 0 measured; 2 filtered out; finished in 0.00s

     Running tests/macros.rs (target_dynamic/debug/deps/macros-1e736f7983df0d02)

running 0 tests

test result: ok. 0 passed; 0 failed; 0 ignored; 0 measured; 46 filtered out; finished in 0.00s

     Running tests/macros_incompatible_concat.rs (target_dynamic/debug/deps/macros_incompatible_concat-07ae05620fd668c9)

running 0 tests

test result: ok. 0 passed; 0 failed; 0 ignored; 0 measured; 3 filtered out; finished in 0.00s

     Running tests/macros_redefined_core.rs (target_dynamic/debug/deps/macros_redefined_core-29e4c7052371d00b)

running 0 tests

test result: ok. 0 passed; 0 failed; 0 ignored; 0 measured; 3 filtered out; finished in 0.00s

     Running tests/max_level_hint.rs (target_dynamic/debug/deps/max_level_hint-eabbdf020dd1ad6f)

running 0 tests

test result: ok. 0 passed; 0 failed; 0 ignored; 0 measured; 1 filtered out; finished in 0.00s

     Running tests/multiple_max_level_hints.rs (target_dynamic/debug/deps/multiple_max_level_hints-7bbb10cb4418a183)

running 0 tests

test result: ok. 0 passed; 0 failed; 0 ignored; 0 measured; 1 filtered out; finished in 0.00s

     Running tests/no_subscriber.rs (target_dynamic/debug/deps/no_subscriber-5e4669a79ec19c44)

running 0 tests

test result: ok. 0 passed; 0 failed; 0 ignored; 0 measured; 1 filtered out; finished in 0.00s

     Running tests/scoped_clobbers_default.rs (target_dynamic/debug/deps/scoped_clobbers_default-3fe4c8bd2ffbb4e8)

running 0 tests

test result: ok. 0 passed; 0 failed; 0 ignored; 0 measured; 1 filtered out; finished in 0.00s

     Running tests/span.rs (target_dynamic/debug/deps/span-06fca54adfcf8ead)

running 0 tests

test result: ok. 0 passed; 0 failed; 0 ignored; 0 measured; 34 filtered out; finished in 0.00s

     Running tests/subscriber.rs (target_dynamic/debug/deps/subscriber-8b3ea00fded5a28a)

running 0 tests

test result: ok. 0 passed; 0 failed; 0 ignored; 0 measured; 3 filtered out; finished in 0.00s

     Running unittests src/lib.rs (target_dynamic/debug/deps/tracing_appender-137b080c0e982ada)

running 0 tests

test result: ok. 0 passed; 0 failed; 1 ignored; 0 measured; 10 filtered out; finished in 0.00s

     Running unittests src/lib.rs (target_dynamic/debug/deps/tracing_attributes-4b17c809ea0c2587)

running 0 tests

test result: ok. 0 passed; 0 failed; 0 ignored; 0 measured; 0 filtered out; finished in 0.00s

     Running tests/async_fn.rs (target_dynamic/debug/deps/async_fn-a2e990c1f635d500)

running 0 tests

test result: ok. 0 passed; 0 failed; 0 ignored; 0 measured; 8 filtered out; finished in 0.00s

     Running tests/destructuring.rs (target_dynamic/debug/deps/destructuring-aaa5219b1d06becf)

running 0 tests

test result: ok. 0 passed; 0 failed; 0 ignored; 0 measured; 6 filtered out; finished in 0.00s

     Running tests/err.rs (target_dynamic/debug/deps/err-67d7a6f983dc8cff)

running 0 tests

test result: ok. 0 passed; 0 failed; 0 ignored; 0 measured; 7 filtered out; finished in 0.00s

     Running tests/fields.rs (target_dynamic/debug/deps/fields-e4db796639128872)

running 0 tests

test result: ok. 0 passed; 0 failed; 0 ignored; 0 measured; 7 filtered out; finished in 0.00s

     Running tests/instrument.rs (target_dynamic/debug/deps/instrument-f6e87d6d4f8f5eab)

running 0 tests

test result: ok. 0 passed; 0 failed; 0 ignored; 0 measured; 6 filtered out; finished in 0.00s

     Running tests/levels.rs (target_dynamic/debug/deps/levels-4e6daa700aae4040)

running 0 tests

test result: ok. 0 passed; 0 failed; 0 ignored; 0 measured; 2 filtered out; finished in 0.00s

     Running tests/names.rs (target_dynamic/debug/deps/names-d49f9bae14798cb8)

running 0 tests

test result: ok. 0 passed; 0 failed; 0 ignored; 0 measured; 3 filtered out; finished in 0.00s

     Running tests/ret.rs (target_dynamic/debug/deps/ret-4aa68867eb9a3fca)

running 0 tests

test result: ok. 0 passed; 0 failed; 0 ignored; 0 measured; 8 filtered out; finished in 0.00s

     Running tests/targets.rs (target_dynamic/debug/deps/targets-25f11de0968041f8)

running 0 tests

test result: ok. 0 passed; 0 failed; 0 ignored; 0 measured; 2 filtered out; finished in 0.00s

     Running unittests src/lib.rs (target_dynamic/debug/deps/tracing_core-cc542933c5d41b65)

running 0 tests

test result: ok. 0 passed; 0 failed; 0 ignored; 0 measured; 18 filtered out; finished in 0.00s

     Running tests/dispatch.rs (target_dynamic/debug/deps/dispatch-64af47a382bae56e)

running 0 tests

test result: ok. 0 passed; 0 failed; 0 ignored; 0 measured; 2 filtered out; finished in 0.00s

     Running tests/global_dispatch.rs (target_dynamic/debug/deps/global_dispatch-ce423508ae6a51ab)

running 0 tests

test result: ok. 0 passed; 0 failed; 0 ignored; 0 measured; 1 filtered out; finished in 0.00s

     Running tests/macros.rs (target_dynamic/debug/deps/macros-502c60301e6b6ad3)

running 0 tests

test result: ok. 0 passed; 0 failed; 0 ignored; 0 measured; 1 filtered out; finished in 0.00s

     Running unittests src/lib.rs (target_dynamic/debug/deps/tracing_error-450d7c83f59a39b5)

running 0 tests

test result: ok. 0 passed; 0 failed; 0 ignored; 0 measured; 3 filtered out; finished in 0.00s

     Running unittests examples/all-levels.rs (target_dynamic/debug/examples/all_levels-cec77148660dbe0c)

running 0 tests

test result: ok. 0 passed; 0 failed; 0 ignored; 0 measured; 0 filtered out; finished in 0.00s

     Running unittests examples/appender-multifile.rs (target_dynamic/debug/examples/appender_multifile-923c049055769d13)

running 0 tests

test result: ok. 0 passed; 0 failed; 0 ignored; 0 measured; 0 filtered out; finished in 0.00s

     Running unittests examples/async-fn.rs (target_dynamic/debug/examples/async_fn-8a2073d2d2e1c79d)

running 0 tests

test result: ok. 0 passed; 0 failed; 0 ignored; 0 measured; 0 filtered out; finished in 0.00s

     Running unittests examples/attrs-args.rs (target_dynamic/debug/examples/attrs_args-2a4d16526ad738d2)

running 0 tests

test result: ok. 0 passed; 0 failed; 0 ignored; 0 measured; 0 filtered out; finished in 0.00s

     Running unittests examples/attrs-basic.rs (target_dynamic/debug/examples/attrs_basic-c76d5ecc680863ee)

running 0 tests

test result: ok. 0 passed; 0 failed; 0 ignored; 0 measured; 0 filtered out; finished in 0.00s

     Running unittests examples/attrs-literal-field-names.rs (target_dynamic/debug/examples/attrs_literal_field_names-e1b78e03e603f40a)

running 0 tests

test result: ok. 0 passed; 0 failed; 0 ignored; 0 measured; 0 filtered out; finished in 0.00s

     Running unittests examples/counters.rs (target_dynamic/debug/examples/counters-29309b1459d46767)

running 0 tests

test result: ok. 0 passed; 0 failed; 0 ignored; 0 measured; 0 filtered out; finished in 0.00s

     Running unittests examples/custom-error.rs (target_dynamic/debug/examples/custom_error-c6cdac8c9c28274c)

running 0 tests

test result: ok. 0 passed; 0 failed; 0 ignored; 0 measured; 0 filtered out; finished in 0.00s

     Running unittests examples/echo.rs (target_dynamic/debug/examples/echo-94088e234d66df48)

running 0 tests

test result: ok. 0 passed; 0 failed; 0 ignored; 0 measured; 0 filtered out; finished in 0.00s

     Running unittests examples/fmt.rs (target_dynamic/debug/examples/fmt-bffe505a288dd178)

running 0 tests

test result: ok. 0 passed; 0 failed; 0 ignored; 0 measured; 0 filtered out; finished in 0.00s

     Running unittests examples/fmt-compact.rs (target_dynamic/debug/examples/fmt_compact-afd801933a2dd21a)

running 0 tests

test result: ok. 0 passed; 0 failed; 0 ignored; 0 measured; 0 filtered out; finished in 0.00s

     Running unittests examples/fmt-custom-event.rs (target_dynamic/debug/examples/fmt_custom_event-a90d93a0353cbd5e)

running 0 tests

test result: ok. 0 passed; 0 failed; 0 ignored; 0 measured; 0 filtered out; finished in 0.00s

     Running unittests examples/fmt-custom-field.rs (target_dynamic/debug/examples/fmt_custom_field-c7fce4bd03a49543)

running 0 tests

test result: ok. 0 passed; 0 failed; 0 ignored; 0 measured; 0 filtered out; finished in 0.00s

     Running unittests examples/fmt-json.rs (target_dynamic/debug/examples/fmt_json-e15b71bf234aefae)

running 0 tests

test result: ok. 0 passed; 0 failed; 0 ignored; 0 measured; 0 filtered out; finished in 0.00s

     Running unittests examples/fmt-multiple-writers.rs (target_dynamic/debug/examples/fmt_multiple_writers-39f3eb702904c015)

running 0 tests

test result: ok. 0 passed; 0 failed; 0 ignored; 0 measured; 0 filtered out; finished in 0.00s

     Running unittests examples/fmt-pretty.rs (target_dynamic/debug/examples/fmt_pretty-a1766876fdf81478)

running 0 tests

test result: ok. 0 passed; 0 failed; 0 ignored; 0 measured; 0 filtered out; finished in 0.00s

     Running unittests examples/fmt-source-locations.rs (target_dynamic/debug/examples/fmt_source_locations-8759f48f636107b6)

running 0 tests

test result: ok. 0 passed; 0 failed; 0 ignored; 0 measured; 0 filtered out; finished in 0.00s

     Running unittests examples/fmt-stderr.rs (target_dynamic/debug/examples/fmt_stderr-c492253e65fb95c4)

running 0 tests

test result: ok. 0 passed; 0 failed; 0 ignored; 0 measured; 0 filtered out; finished in 0.00s

     Running unittests examples/futures-proxy-server.rs (target_dynamic/debug/examples/futures_proxy_server-6a412e59c8e7e7a3)

running 0 tests

test result: ok. 0 passed; 0 failed; 0 ignored; 0 measured; 0 filtered out; finished in 0.00s

     Running unittests examples/hyper-echo.rs (target_dynamic/debug/examples/hyper_echo-aca2f228408ce58b)

running 0 tests

test result: ok. 0 passed; 0 failed; 0 ignored; 0 measured; 0 filtered out; finished in 0.00s

     Running unittests examples/inferno-flame.rs (target_dynamic/debug/examples/inferno_flame-ea0f683f85659e8e)

running 0 tests

test result: ok. 0 passed; 0 failed; 0 ignored; 0 measured; 0 filtered out; finished in 0.00s

     Running unittests examples/instrumented-error.rs (target_dynamic/debug/examples/instrumented_error-d5d5b58c80f52b76)

running 0 tests

test result: ok. 0 passed; 0 failed; 0 ignored; 0 measured; 0 filtered out; finished in 0.00s

     Running unittests examples/journald.rs (target_dynamic/debug/examples/journald-c8a339303bd7ddac)

running 0 tests

test result: ok. 0 passed; 0 failed; 0 ignored; 0 measured; 0 filtered out; finished in 0.00s

     Running unittests examples/log.rs (target_dynamic/debug/examples/log-dbfb4c43824a5460)

running 0 tests

test result: ok. 0 passed; 0 failed; 0 ignored; 0 measured; 0 filtered out; finished in 0.00s

     Running unittests examples/opentelemetry.rs (target_dynamic/debug/examples/opentelemetry-5b181a68c3cb3de7)

running 0 tests

test result: ok. 0 passed; 0 failed; 0 ignored; 0 measured; 0 filtered out; finished in 0.00s

     Running unittests examples/opentelemetry-remote-context.rs (target_dynamic/debug/examples/opentelemetry_remote_context-f106dc2da1d19b13)

running 0 tests

test result: ok. 0 passed; 0 failed; 0 ignored; 0 measured; 0 filtered out; finished in 0.00s

     Running unittests examples/panic_hook.rs (target_dynamic/debug/examples/panic_hook-7f73522363ed5b4e)

running 0 tests

test result: ok. 0 passed; 0 failed; 0 ignored; 0 measured; 0 filtered out; finished in 0.00s

     Running unittests examples/serde-yak-shave.rs (target_dynamic/debug/examples/serde_yak_shave-731689233babd0ed)

running 0 tests

test result: ok. 0 passed; 0 failed; 0 ignored; 0 measured; 0 filtered out; finished in 0.00s

     Running unittests examples/sloggish/main.rs (target_dynamic/debug/examples/sloggish-d818fab87b9844e3)

running 0 tests

test result: ok. 0 passed; 0 failed; 0 ignored; 0 measured; 0 filtered out; finished in 0.00s

     Running unittests examples/spawny-thing.rs (target_dynamic/debug/examples/spawny_thing-4ed43ef01f6cc27e)

running 0 tests

test result: ok. 0 passed; 0 failed; 0 ignored; 0 measured; 0 filtered out; finished in 0.00s

     Running unittests examples/subscriber-filter.rs (target_dynamic/debug/examples/subscriber_filter-b281924e8c189fa9)

running 0 tests

test result: ok. 0 passed; 0 failed; 0 ignored; 0 measured; 0 filtered out; finished in 0.00s

     Running unittests examples/thread-info.rs (target_dynamic/debug/examples/thread_info-c8455d424ea14529)

running 0 tests

test result: ok. 0 passed; 0 failed; 0 ignored; 0 measured; 0 filtered out; finished in 0.00s

     Running unittests examples/toggle-layers.rs (target_dynamic/debug/examples/toggle_layers-ecba1ba38252a95a)

running 0 tests

test result: ok. 0 passed; 0 failed; 0 ignored; 0 measured; 0 filtered out; finished in 0.00s

     Running unittests examples/tokio-spawny-thing.rs (target_dynamic/debug/examples/tokio_spawny_thing-cfd508c4341452b6)

running 0 tests

test result: ok. 0 passed; 0 failed; 0 ignored; 0 measured; 0 filtered out; finished in 0.00s

     Running unittests examples/tokio_panic_hook.rs (target_dynamic/debug/examples/tokio_panic_hook-8e1d7188e5e518cd)

running 0 tests

test result: ok. 0 passed; 0 failed; 0 ignored; 0 measured; 0 filtered out; finished in 0.00s

     Running unittests examples/tower-client.rs (target_dynamic/debug/examples/tower_client-5ab6693998254316)

running 0 tests

test result: ok. 0 passed; 0 failed; 0 ignored; 0 measured; 0 filtered out; finished in 0.00s

     Running unittests examples/tower-load.rs (target_dynamic/debug/examples/tower_load-c1d7c89cd7ec138e)

running 0 tests

test result: ok. 0 passed; 0 failed; 0 ignored; 0 measured; 0 filtered out; finished in 0.00s

     Running unittests examples/tower-server.rs (target_dynamic/debug/examples/tower_server-7b01511e7ac46b67)

running 0 tests

test result: ok. 0 passed; 0 failed; 0 ignored; 0 measured; 0 filtered out; finished in 0.00s

     Running unittests examples/valuable.rs (target_dynamic/debug/examples/valuable-71c24836d658082c)

running 0 tests

test result: ok. 0 passed; 0 failed; 0 ignored; 0 measured; 0 filtered out; finished in 0.00s

     Running unittests examples/valuable_instrument.rs (target_dynamic/debug/examples/valuable_instrument-d5852ac191b711a9)

running 0 tests

test result: ok. 0 passed; 0 failed; 0 ignored; 0 measured; 0 filtered out; finished in 0.00s

     Running unittests examples/valuable_json.rs (target_dynamic/debug/examples/valuable_json-1447c16e29f3069f)

running 0 tests

test result: ok. 0 passed; 0 failed; 0 ignored; 0 measured; 0 filtered out; finished in 0.00s

     Running unittests src/lib.rs (target_dynamic/debug/deps/tracing_flame-dd45076dc181d7c6)

running 0 tests

test result: ok. 0 passed; 0 failed; 0 ignored; 0 measured; 0 filtered out; finished in 0.00s

     Running tests/collapsed.rs (target_dynamic/debug/deps/collapsed-8c8cd399e22c0611)

running 0 tests

test result: ok. 0 passed; 0 failed; 0 ignored; 0 measured; 1 filtered out; finished in 0.00s

     Running tests/concurrent.rs (target_dynamic/debug/deps/concurrent-7c17abdb26281db6)

running 0 tests

test result: ok. 0 passed; 0 failed; 0 ignored; 0 measured; 1 filtered out; finished in 0.00s

     Running unittests src/lib.rs (target_dynamic/debug/deps/tracing_futures-a056dac71179e84c)

running 0 tests

test result: ok. 0 passed; 0 failed; 0 ignored; 0 measured; 4 filtered out; finished in 0.00s

     Running tests/std_future.rs (target_dynamic/debug/deps/std_future-205f0a32e895801d)

running 0 tests

test result: ok. 0 passed; 0 failed; 0 ignored; 0 measured; 2 filtered out; finished in 0.00s

     Running unittests src/lib.rs (target_dynamic/debug/deps/tracing_journald-e24a536200b71244)

running 0 tests

test result: ok. 0 passed; 0 failed; 0 ignored; 0 measured; 1 filtered out; finished in 0.00s

     Running tests/journal.rs (target_dynamic/debug/deps/journal-73229b787353ebee)

running 0 tests

test result: ok. 0 passed; 0 failed; 0 ignored; 0 measured; 9 filtered out; finished in 0.00s

     Running unittests src/lib.rs (target_dynamic/debug/deps/tracing_log-3dc15a083b6b3e04)

running 0 tests

test result: ok. 0 passed; 0 failed; 0 ignored; 0 measured; 5 filtered out; finished in 0.00s

     Running tests/log_tracer.rs (target_dynamic/debug/deps/log_tracer-f8573e6335ebd9c7)

running 0 tests

test result: ok. 0 passed; 0 failed; 0 ignored; 0 measured; 1 filtered out; finished in 0.00s

     Running tests/reexport_log_crate.rs (target_dynamic/debug/deps/reexport_log_crate-05d5baf75aa63d58)

running 0 tests

test result: ok. 0 passed; 0 failed; 0 ignored; 0 measured; 1 filtered out; finished in 0.00s

     Running unittests src/lib.rs (target_dynamic/debug/deps/tracing_macros-5abf588f95433607)

running 0 tests

test result: ok. 0 passed; 0 failed; 0 ignored; 0 measured; 0 filtered out; finished in 0.00s

     Running unittests examples/factorial.rs (target_dynamic/debug/examples/factorial-8efcf00667b12111)

running 0 tests

test result: ok. 0 passed; 0 failed; 0 ignored; 0 measured; 0 filtered out; finished in 0.00s

     Running unittests src/lib.rs (target_dynamic/debug/deps/tracing_mock-2080b6966ddd4e97)

running 0 tests

test result: ok. 0 passed; 0 failed; 0 ignored; 0 measured; 0 filtered out; finished in 0.00s

     Running unittests src/lib.rs (target_dynamic/debug/deps/tracing_opentelemetry-d7b7a20490362c19)

running 8 tests
test layer::tests::includes_timings ... ok
test layer::tests::dynamic_span_names ... ok
test layer::tests::span_status_code ... ok
test layer::tests::span_kind ... ok
test layer::tests::span_status_message ... ok
test tracer::tests::sampled_context ... ok
test tracer::tests::assigns_default_trace_id_if_missing ... ok
test layer::tests::trace_id_from_existing_context ... ok

test result: ok. 8 passed; 0 failed; 0 ignored; 0 measured; 0 filtered out; finished in 0.00s

     Running tests/trace_state_propagation.rs (target_dynamic/debug/deps/trace_state_propagation-20f0e956a4e4e854)

running 4 tests
test inject_context_into_outgoing_requests ... FAILED
test trace_with_assigned_otel_context ... FAILED
test trace_root_with_children ... ok
test trace_with_active_otel_context ... ok

failures:

---- inject_context_into_outgoing_requests stdout ----
thread 'rustyrts_test_thread' panicked at 'assertion failed: `(left == right)`
  left: `Some({"key1=value1;property1;property2", "key3=value3;propertyKey=propertyValue", "key2=value2"})`,
 right: `None`', tracing-opentelemetry/tests/trace_state_propagation.rs:100:5
note: run with `RUST_BACKTRACE=1` environment variable to display a backtrace

---- trace_with_assigned_otel_context stdout ----
thread 'rustyrts_test_thread' panicked at 'assertion failed: `(left == right)`
  left: `18d0bd1893c163d67a1a60babb2d4cf7`,
 right: `161145b479c123137880bfde484a9b20`', tracing-opentelemetry/tests/trace_state_propagation.rs:91:5
note: run with `RUST_BACKTRACE=1` environment variable to display a backtrace


failures:
    inject_context_into_outgoing_requests
    trace_with_assigned_otel_context

test result: FAILED. 2 passed; 2 failed; 0 ignored; 0 measured; 0 filtered out; finished in 0.00s

error: test failed, to rerun pass `-p tracing-opentelemetry --test trace_state_propagation`
     Running unittests src/lib.rs (target_dynamic/debug/deps/tracing_serde-74baba14583033a0)

running 0 tests

test result: ok. 0 passed; 0 failed; 0 ignored; 0 measured; 0 filtered out; finished in 0.00s

     Running unittests src/lib.rs (target_dynamic/debug/deps/tracing_subscriber-f60a2b25345f314b)

running 0 tests

test result: ok. 0 passed; 0 failed; 1 ignored; 0 measured; 132 filtered out; finished in 0.00s

     Running tests/cached_layer_filters_dont_break_other_layers.rs (target_dynamic/debug/deps/cached_layer_filters_dont_break_other_layers-05a29d98367cb1a8)

running 0 tests

test result: ok. 0 passed; 0 failed; 0 ignored; 0 measured; 4 filtered out; finished in 0.00s

     Running tests/duplicate_spans.rs (target_dynamic/debug/deps/duplicate_spans-46536c6256e3e568)

running 0 tests

test result: ok. 0 passed; 0 failed; 0 ignored; 0 measured; 1 filtered out; finished in 0.00s

     Running tests/env_filter/main.rs (target_dynamic/debug/deps/env_filter-2551d9f21caeb297)

running 0 tests

test result: ok. 0 passed; 0 failed; 0 ignored; 0 measured; 24 filtered out; finished in 0.00s

     Running tests/field_filter.rs (target_dynamic/debug/deps/field_filter-f04b1015d795077f)

running 0 tests

test result: ok. 0 passed; 0 failed; 2 ignored; 0 measured; 1 filtered out; finished in 0.00s

     Running tests/filter_log.rs (target_dynamic/debug/deps/filter_log-15c4107ed9e0f093)

running 0 tests

test result: ok. 0 passed; 0 failed; 0 ignored; 0 measured; 1 filtered out; finished in 0.00s

     Running tests/fmt_max_level_hint.rs (target_dynamic/debug/deps/fmt_max_level_hint-2f6b0f52ab78a346)

running 0 tests

test result: ok. 0 passed; 0 failed; 0 ignored; 0 measured; 1 filtered out; finished in 0.00s

     Running tests/hinted_layer_filters_dont_break_other_layers.rs (target_dynamic/debug/deps/hinted_layer_filters_dont_break_other_layers-eb80d954dc306291)

running 0 tests

test result: ok. 0 passed; 0 failed; 0 ignored; 0 measured; 4 filtered out; finished in 0.00s

     Running tests/layer_filter_interests_are_cached.rs (target_dynamic/debug/deps/layer_filter_interests_are_cached-51aa574bb23c46ba)

running 0 tests

test result: ok. 0 passed; 0 failed; 0 ignored; 0 measured; 1 filtered out; finished in 0.00s

     Running tests/layer_filters/main.rs (target_dynamic/debug/deps/layer_filters-0af32a0cc75a9826)

running 0 tests

test result: ok. 0 passed; 0 failed; 0 ignored; 0 measured; 20 filtered out; finished in 0.00s

     Running tests/multiple_layer_filter_interests_cached.rs (target_dynamic/debug/deps/multiple_layer_filter_interests_cached-01a4aa41e0a02c73)

running 0 tests

test result: ok. 0 passed; 0 failed; 0 ignored; 0 measured; 1 filtered out; finished in 0.00s

     Running tests/registry_max_level_hint.rs (target_dynamic/debug/deps/registry_max_level_hint-785070256e4c9933)

running 0 tests

test result: ok. 0 passed; 0 failed; 0 ignored; 0 measured; 1 filtered out; finished in 0.00s

     Running tests/registry_with_subscriber.rs (target_dynamic/debug/deps/registry_with_subscriber-9be20470a6ac5233)

running 0 tests

test result: ok. 0 passed; 0 failed; 0 ignored; 0 measured; 1 filtered out; finished in 0.00s

     Running tests/reload.rs (target_dynamic/debug/deps/reload-90d971a76abe245a)

running 0 tests

test result: ok. 0 passed; 0 failed; 0 ignored; 0 measured; 0 filtered out; finished in 0.00s

     Running tests/same_len_filters.rs (target_dynamic/debug/deps/same_len_filters-52bd494e12460309)

running 0 tests

test result: ok. 0 passed; 0 failed; 0 ignored; 0 measured; 3 filtered out; finished in 0.00s

     Running tests/support.rs (target_dynamic/debug/deps/support-24374445a412b65a)

running 0 tests

test result: ok. 0 passed; 0 failed; 0 ignored; 0 measured; 0 filtered out; finished in 0.00s

     Running tests/unhinted_layer_filters_dont_break_other_layers.rs (target_dynamic/debug/deps/unhinted_layer_filters_dont_break_other_layers-2a475e8b04c113f6)

running 0 tests

test result: ok. 0 passed; 0 failed; 0 ignored; 0 measured; 4 filtered out; finished in 0.00s

     Running tests/utils.rs (target_dynamic/debug/deps/utils-2e171944f8978f6e)

running 0 tests

test result: ok. 0 passed; 0 failed; 0 ignored; 0 measured; 3 filtered out; finished in 0.00s

     Running tests/vec_subscriber_filter_interests_cached.rs (target_dynamic/debug/deps/vec_subscriber_filter_interests_cached-ef00157f23b39d36)

running 0 tests

test result: ok. 0 passed; 0 failed; 0 ignored; 0 measured; 1 filtered out; finished in 0.00s

     Running unittests src/lib.rs (target_dynamic/debug/deps/tracing_tower-a66c45c989e1382d)

running 0 tests

test result: ok. 0 passed; 0 failed; 0 ignored; 0 measured; 0 filtered out; finished in 0.00s

error: 1 target failed:
    `-p tracing-opentelemetry --test trace_state_propagation`
